<?xml version="1.0" encoding="UTF-8"?>
<robot generator="Robot 5.0.1 (Python 3.8.0 on win32)" generated="20220615 21:42:42.831" rpa="false" schemaversion="3">
<suite id="s1" name="Checkopengoogle2" source="C:\Users\Wahyu Nugraha\Documents\DemoRobotRf\checkopengoogle2.robot">
<test id="s1-t1" name="Test 1 Buka Google Chrome" line="11">
<kw name="Open Browser" library="SeleniumLibrary" type="SETUP">
<arg>${base_url}</arg>
<arg>${browser_type}</arg>
<doc>Opens a new browser instance to the optional ``url``.</doc>
<msg timestamp="20220615 21:42:43.078" level="INFO">Opening browser 'chrome' to base url 'https://www.google.com/'.</msg>
<status status="PASS" starttime="20220615 21:42:43.078" endtime="20220615 21:42:45.826"/>
</kw>
<kw name="Maximize Browser Window" library="SeleniumLibrary">
<doc>Maximizes current browser window.</doc>
<status status="PASS" starttime="20220615 21:42:45.827" endtime="20220615 21:42:46.168"/>
</kw>
<kw name="Sleep" library="BuiltIn">
<arg>3s</arg>
<doc>Pauses the test executed for the given time.</doc>
<msg timestamp="20220615 21:42:49.180" level="INFO">Slept 3 seconds</msg>
<status status="PASS" starttime="20220615 21:42:46.170" endtime="20220615 21:42:49.180"/>
</kw>
<kw name="Close Browser" library="SeleniumLibrary" type="TEARDOWN">
<doc>Closes the current browser.</doc>
<status status="PASS" starttime="20220615 21:42:49.180" endtime="20220615 21:42:51.464"/>
</kw>
<status status="PASS" starttime="20220615 21:42:43.071" endtime="20220615 21:42:51.465"/>
</test>
<status status="PASS" starttime="20220615 21:42:42.831" endtime="20220615 21:42:51.467"/>
</suite>
<statistics>
<total>
<stat pass="1" fail="0" skip="0">All Tests</stat>
</total>
<tag>
</tag>
<suite>
<stat pass="1" fail="0" skip="0" id="s1" name="Checkopengoogle2">Checkopengoogle2</stat>
</suite>
</statistics>
<errors>
</errors>
</robot>
