<?xml version="1.0" encoding="UTF-8"?>
<robot generator="Robot 5.0.1 (Python 3.8.0 on win32)" generated="20220707 23:34:35.611" rpa="false" schemaversion="3">
<suite id="s1" name="Checkbox" source="C:\Users\Wahyu Nugraha\Documents\website\demorobotrf\checkbox.robot">
<test id="s1-t1" name="I Click Notes in checkbox" line="11">
<kw name="Open Browser" library="SeleniumLibrary" type="SETUP">
<arg>${base_url}</arg>
<arg>${browser_type}</arg>
<doc>Opens a new browser instance to the optional ``url``.</doc>
<msg timestamp="20220707 23:34:35.835" level="INFO">Opening browser 'gc' to base url 'https://demoqa.com/checkbox'.</msg>
<status status="PASS" starttime="20220707 23:34:35.835" endtime="20220707 23:34:43.594"/>
</kw>
<kw name="Click Element" library="SeleniumLibrary">
<arg>(//button[@aria-label="Toggle"])[1]</arg>
<doc>Click the element identified by ``locator``.</doc>
<msg timestamp="20220707 23:34:43.597" level="INFO">Clicking element '(//button[@aria-label="Toggle"])[1]'.</msg>
<status status="PASS" starttime="20220707 23:34:43.596" endtime="20220707 23:34:43.703"/>
</kw>
<kw name="Click Element" library="SeleniumLibrary">
<arg>(//button[@aria-label="Toggle"])[2]</arg>
<doc>Click the element identified by ``locator``.</doc>
<msg timestamp="20220707 23:34:43.716" level="INFO">Clicking element '(//button[@aria-label="Toggle"])[2]'.</msg>
<status status="PASS" starttime="20220707 23:34:43.715" endtime="20220707 23:34:43.930"/>
</kw>
<kw name="Click Element" library="SeleniumLibrary">
<arg>//label[@for="tree-node-notes"]</arg>
<doc>Click the element identified by ``locator``.</doc>
<msg timestamp="20220707 23:34:43.932" level="INFO">Clicking element '//label[@for="tree-node-notes"]'.</msg>
<status status="PASS" starttime="20220707 23:34:43.931" endtime="20220707 23:34:44.050"/>
</kw>
<kw name="Element Should Be Visible" library="SeleniumLibrary">
<arg>//div[@id="result"]</arg>
<doc>Verifies that the element identified by ``locator`` is visible.</doc>
<msg timestamp="20220707 23:34:44.120" level="INFO">Element '//div[@id="result"]' is displayed.</msg>
<status status="PASS" starttime="20220707 23:34:44.058" endtime="20220707 23:34:44.121"/>
</kw>
<kw name="Element Should Contain" library="SeleniumLibrary">
<arg>//span[@class="text-success"]</arg>
<arg>notes</arg>
<doc>Verifies that element ``locator`` contains text ``expected``.</doc>
<msg timestamp="20220707 23:34:44.200" level="INFO">Element '//span[@class="text-success"]' contains text 'notes'.</msg>
<status status="PASS" starttime="20220707 23:34:44.131" endtime="20220707 23:34:44.200"/>
</kw>
<kw name="Sleep" library="BuiltIn">
<arg>2s</arg>
<doc>Pauses the test executed for the given time.</doc>
<msg timestamp="20220707 23:34:46.211" level="INFO">Slept 2 seconds</msg>
<status status="PASS" starttime="20220707 23:34:44.202" endtime="20220707 23:34:46.212"/>
</kw>
<kw name="Close Browser" library="SeleniumLibrary" type="TEARDOWN">
<doc>Closes the current browser.</doc>
<status status="PASS" starttime="20220707 23:34:46.219" endtime="20220707 23:34:48.573"/>
</kw>
<status status="PASS" starttime="20220707 23:34:35.834" endtime="20220707 23:34:48.573"/>
</test>
<status status="PASS" starttime="20220707 23:34:35.627" endtime="20220707 23:34:48.584"/>
</suite>
<statistics>
<total>
<stat pass="1" fail="0" skip="0">All Tests</stat>
</total>
<tag>
</tag>
<suite>
<stat pass="1" fail="0" skip="0" id="s1" name="Checkbox">Checkbox</stat>
</suite>
</statistics>
<errors>
</errors>
</robot>
